[INFO][main.go:25]2020/12/24 20:58:15 [load config success]
[INFO][main.go:25]2020/12/24 20:59:01 [load config success]
[INFO][main.go:25]2020/12/24 20:59:07 [load config success]
[INFO][main.go:25]2020/12/24 20:59:15 [load config success]
[INFO][main.go:25]2020/12/24 20:59:24 [load config success]
[INFO][main.go:33]2020/12/24 20:59:25 [init db success]
[INFO][main.go:35]2020/12/24 20:59:25 [process init success]
[ERROR][userController.go:27]2020/12/24 21:00:38 [request param error!:invalid character 'u' looking for beginning of value]
[ERROR][userController.go:27]2020/12/24 21:02:00 [request param error!:invalid character '-' in numeric literal]
[ERROR][userController.go:27]2020/12/24 21:02:18 [request param error!:invalid character 'u' looking for beginning of value]
[INFO][main.go:67]2020/12/24 21:09:15 [Shutdown Server ...]
[INFO][main.go:83]2020/12/24 21:09:20 [timeout of 5 seconds.]
[INFO][main.go:86]2020/12/24 21:09:20 [Server exiting]
[INFO][main.go:25]2020/12/24 21:09:26 [load config success]
[INFO][main.go:33]2020/12/24 21:09:26 [init db success]
[INFO][main.go:35]2020/12/24 21:09:26 [process init success]
[ERROR][userController.go:22]2020/12/24 21:09:29 [request param error!:invalid character 'u' looking for beginning of value]
[ERROR][userController.go:22]2020/12/24 21:18:09 [request param error!:invalid character 'u' looking for beginning of value]
[INFO][main.go:67]2020/12/24 21:24:21 [Shutdown Server ...]
[INFO][main.go:83]2020/12/24 21:24:26 [timeout of 5 seconds.]
[INFO][main.go:86]2020/12/24 21:24:26 [Server exiting]
[INFO][main.go:25]2020/12/24 21:24:31 [load config success]
[INFO][main.go:33]2020/12/24 21:24:32 [init db success]
[INFO][main.go:35]2020/12/24 21:24:32 [process init success]
[ERROR][userController.go:20]2020/12/24 21:24:41 [request param error!:invalid character 'u' looking for beginning of value]
[INFO][main.go:67]2020/12/24 21:25:05 [Shutdown Server ...]
[INFO][main.go:83]2020/12/24 21:25:10 [timeout of 5 seconds.]
[INFO][main.go:86]2020/12/24 21:25:10 [Server exiting]
[INFO][main.go:25]2020/12/24 21:25:15 [load config success]
[INFO][main.go:33]2020/12/24 21:25:15 [init db success]
[INFO][main.go:35]2020/12/24 21:25:15 [process init success]
[ERROR][userController.go:21]2020/12/24 21:25:18 [request param error!:invalid character 'u' looking for beginning of value]
[INFO][main.go:67]2020/12/24 21:26:00 [Shutdown Server ...]
[INFO][main.go:83]2020/12/24 21:26:05 [timeout of 5 seconds.]
[INFO][main.go:86]2020/12/24 21:26:05 [Server exiting]
[INFO][main.go:25]2020/12/24 21:26:09 [load config success]
[INFO][main.go:33]2020/12/24 21:26:09 [init db success]
[INFO][main.go:35]2020/12/24 21:26:09 [process init success]
[DEBUG][userController.go:17]2020/12/24 21:26:11 [map[]]
[ERROR][userController.go:21]2020/12/24 21:26:11 [request param error!:invalid character 'u' looking for beginning of value]
[DEBUG][userController.go:17]2020/12/24 21:26:16 [map[]]
[ERROR][userController.go:21]2020/12/24 21:26:16 [request param error!:invalid character 'u' looking for beginning of value]
[INFO][main.go:67]2020/12/24 21:26:37 [Shutdown Server ...]
[INFO][main.go:83]2020/12/24 21:26:42 [timeout of 5 seconds.]
[INFO][main.go:86]2020/12/24 21:26:42 [Server exiting]
[INFO][main.go:25]2020/12/24 21:26:46 [load config success]
[INFO][main.go:33]2020/12/24 21:26:46 [init db success]
[INFO][main.go:35]2020/12/24 21:26:46 [process init success]
[ERROR][userController.go:21]2020/12/24 21:27:22 [request param error!:invalid character 'u' looking for beginning of value]
[INFO][main.go:67]2020/12/24 21:27:44 [Shutdown Server ...]
[INFO][main.go:83]2020/12/24 21:27:49 [timeout of 5 seconds.]
[INFO][main.go:86]2020/12/24 21:27:49 [Server exiting]
[INFO][main.go:25]2020/12/24 21:27:52 [load config success]
[INFO][main.go:33]2020/12/24 21:27:53 [init db success]
[INFO][main.go:35]2020/12/24 21:27:53 [process init success]
[ERROR][userController.go:22]2020/12/24 21:27:59 [request param error!:invalid character 'u' looking for beginning of value]
[INFO][main.go:67]2020/12/24 21:28:19 [Shutdown Server ...]
[INFO][main.go:83]2020/12/24 21:28:24 [timeout of 5 seconds.]
[INFO][main.go:86]2020/12/24 21:28:24 [Server exiting]
[INFO][main.go:25]2020/12/24 21:28:28 [load config success]
[INFO][main.go:33]2020/12/24 21:28:29 [init db success]
[INFO][main.go:35]2020/12/24 21:28:29 [process init success]
[ERROR][userController.go:22]2020/12/24 21:28:43 [request param error!:invalid character 'u' looking for beginning of value]
[ERROR][userController.go:22]2020/12/24 21:28:52 [request param error!:invalid character '-' in numeric literal]
[INFO][main.go:67]2020/12/24 21:30:53 [Shutdown Server ...]
[INFO][main.go:83]2020/12/24 21:30:58 [timeout of 5 seconds.]
[INFO][main.go:86]2020/12/24 21:30:58 [Server exiting]
[INFO][main.go:25]2020/12/24 21:31:02 [load config success]
[INFO][main.go:33]2020/12/24 21:31:02 [init db success]
[INFO][main.go:35]2020/12/24 21:31:02 [process init success]
[ERROR][userController.go:22]2020/12/24 21:31:07 [request param error!:invalid character 'u' looking for beginning of value]
[ERROR][userController.go:22]2020/12/24 21:31:17 [request param error!:invalid character 'u' looking for beginning of value]
[INFO][main.go:67]2020/12/24 21:31:50 [Shutdown Server ...]
[INFO][main.go:83]2020/12/24 21:31:55 [timeout of 5 seconds.]
[INFO][main.go:86]2020/12/24 21:31:55 [Server exiting]
[INFO][main.go:25]2020/12/24 21:31:59 [load config success]
[INFO][main.go:33]2020/12/24 21:31:59 [init db success]
[INFO][main.go:35]2020/12/24 21:31:59 [process init success]
[ERROR][userController.go:20]2020/12/24 21:32:02 [request param error!:invalid character 'u' looking for beginning of value]
[INFO][main.go:67]2020/12/24 21:38:17 [Shutdown Server ...]
[INFO][main.go:83]2020/12/24 21:38:22 [timeout of 5 seconds.]
[INFO][main.go:86]2020/12/24 21:38:22 [Server exiting]
[INFO][main.go:25]2020/12/24 21:38:25 [load config success]
[INFO][main.go:33]2020/12/24 21:38:27 [init db success]
[INFO][main.go:35]2020/12/24 21:38:27 [process init success]
[ERROR][userController.go:20]2020/12/24 21:38:30 [request param error!:invalid character 'u' looking for beginning of value]
[INFO][main.go:66]2020/12/24 21:40:31 [Shutdown Server ...]
[INFO][main.go:82]2020/12/24 21:40:36 [timeout of 5 seconds.]
[INFO][main.go:85]2020/12/24 21:40:36 [Server exiting]
[INFO][main.go:25]2020/12/24 21:40:39 [load config success]
[INFO][main.go:33]2020/12/24 21:40:40 [init db success]
[INFO][main.go:35]2020/12/24 21:40:40 [process init success]
[ERROR][userController.go:20]2020/12/24 21:40:45 [request param error!:invalid character 'u' looking for beginning of value]
[INFO][main.go:66]2020/12/24 21:41:02 [Shutdown Server ...]
[INFO][main.go:82]2020/12/24 21:41:07 [timeout of 5 seconds.]
[INFO][main.go:85]2020/12/24 21:41:07 [Server exiting]
[INFO][main.go:25]2020/12/24 21:41:10 [load config success]
[INFO][main.go:33]2020/12/24 21:41:11 [init db success]
[INFO][main.go:35]2020/12/24 21:41:11 [process init success]
[ERROR][userController.go:20]2020/12/24 21:41:15 [request param error!:invalid character 'u' looking for beginning of value]
[ERROR][userController.go:20]2020/12/24 21:42:11 [request param error!:invalid character '-' in numeric literal]
[ERROR][userController.go:20]2020/12/24 21:42:19 [request param error!:invalid character 'u' looking for beginning of value]
[ERROR][userController.go:20]2020/12/24 21:44:46 [request param error!:invalid character 'u' looking for beginning of value]
[INFO][main.go:66]2020/12/24 21:47:46 [Shutdown Server ...]
[INFO][main.go:82]2020/12/24 21:47:51 [timeout of 5 seconds.]
[INFO][main.go:85]2020/12/24 21:47:51 [Server exiting]
[INFO][main.go:25]2020/12/24 21:47:54 [load config success]
[INFO][main.go:33]2020/12/24 21:47:55 [init db success]
[INFO][main.go:35]2020/12/24 21:47:55 [process init success]
[INFO][main.go:66]2020/12/24 21:48:21 [Shutdown Server ...]
[INFO][main.go:82]2020/12/24 21:48:26 [timeout of 5 seconds.]
[INFO][main.go:85]2020/12/24 21:48:26 [Server exiting]
[INFO][main.go:25]2020/12/24 21:48:29 [load config success]
[INFO][main.go:33]2020/12/24 21:48:30 [init db success]
[INFO][main.go:35]2020/12/24 21:48:30 [process init success]
[INFO][main.go:66]2020/12/24 21:49:28 [Shutdown Server ...]
[INFO][main.go:25]2020/12/24 21:59:28 [load config success]
[INFO][main.go:33]2020/12/24 21:59:29 [init db success]
[INFO][main.go:35]2020/12/24 21:59:29 [process init success]
[INFO][main.go:66]2020/12/24 22:01:19 [Shutdown Server ...]
[INFO][main.go:82]2020/12/24 22:01:24 [timeout of 5 seconds.]
[INFO][main.go:85]2020/12/24 22:01:24 [Server exiting]
[INFO][main.go:25]2020/12/24 22:01:27 [load config success]
[INFO][main.go:33]2020/12/24 22:01:27 [init db success]
[INFO][main.go:35]2020/12/24 22:01:27 [process init success]
[ERROR][User.go:21]2020/12/24 22:01:30 [Error 1142: INSERT command denied to user 'user1'@'223.73.111.156' for table 'users']
[INFO][main.go:66]2020/12/24 22:02:58 [Shutdown Server ...]
[INFO][main.go:82]2020/12/24 22:03:03 [timeout of 5 seconds.]
[INFO][main.go:85]2020/12/24 22:03:03 [Server exiting]
[INFO][main.go:25]2020/12/24 22:03:06 [load config success]
[INFO][main.go:33]2020/12/24 22:03:07 [init db success]
[INFO][main.go:35]2020/12/24 22:03:07 [process init success]
[ERROR][User.go:25]2020/12/24 22:03:16 [Error 1142: INSERT command denied to user 'user1'@'223.73.111.156' for table 'user']
[ERROR][User.go:25]2020/12/24 22:04:38 [Error 1142: INSERT command denied to user 'user1'@'223.73.111.156' for table 'user']
[INFO][main.go:66]2020/12/24 22:07:15 [Shutdown Server ...]
[INFO][main.go:82]2020/12/24 22:07:20 [timeout of 5 seconds.]
[INFO][main.go:85]2020/12/24 22:07:20 [Server exiting]
[INFO][main.go:25]2020/12/24 22:07:24 [load config success]
[INFO][main.go:33]2020/12/24 22:07:24 [init db success]
[INFO][main.go:35]2020/12/24 22:07:24 [process init success]
[ERROR][User.go:25]2020/12/24 22:07:27 [Error 1142: INSERT command denied to user 'user1'@'223.73.111.156' for table 'user']
[INFO][main.go:66]2020/12/24 22:07:51 [Shutdown Server ...]
[INFO][main.go:82]2020/12/24 22:07:56 [timeout of 5 seconds.]
[INFO][main.go:85]2020/12/24 22:07:56 [Server exiting]
[INFO][main.go:25]2020/12/24 22:07:59 [load config success]
[INFO][main.go:25]2020/12/24 22:09:36 [load config success]
[INFO][main.go:33]2020/12/24 22:09:37 [init db success]
[INFO][main.go:35]2020/12/24 22:09:37 [process init success]
[INFO][main.go:66]2020/12/24 22:12:49 [Shutdown Server ...]
[INFO][main.go:82]2020/12/24 22:12:54 [timeout of 5 seconds.]
[INFO][main.go:85]2020/12/24 22:12:54 [Server exiting]
[INFO][main.go:25]2020/12/24 22:12:58 [load config success]
[INFO][main.go:33]2020/12/24 22:12:59 [init db success]
[INFO][main.go:35]2020/12/24 22:12:59 [process init success]
[INFO][main.go:66]2020/12/24 22:13:59 [Shutdown Server ...]
[INFO][main.go:82]2020/12/24 22:14:04 [timeout of 5 seconds.]
[INFO][main.go:85]2020/12/24 22:14:04 [Server exiting]
[INFO][main.go:25]2020/12/24 22:14:07 [load config success]
[INFO][main.go:33]2020/12/24 22:14:08 [init db success]
[INFO][main.go:35]2020/12/24 22:14:08 [process init success]
[ERROR][User.go:28]2020/12/24 22:14:16 [Error 1054: Unknown column 'user_name' in 'field list']
[ERROR][User.go:28]2020/12/24 22:14:25 [Error 1054: Unknown column 'user_name' in 'field list']
[INFO][main.go:66]2020/12/24 22:14:57 [Shutdown Server ...]
[INFO][main.go:82]2020/12/24 22:15:02 [timeout of 5 seconds.]
[INFO][main.go:85]2020/12/24 22:15:02 [Server exiting]
[INFO][main.go:25]2020/12/24 22:15:06 [load config success]
[INFO][main.go:33]2020/12/24 22:15:06 [init db success]
[INFO][main.go:35]2020/12/24 22:15:06 [process init success]
[INFO][main.go:66]2020/12/24 22:16:36 [Shutdown Server ...]
[INFO][main.go:82]2020/12/24 22:16:41 [timeout of 5 seconds.]
[INFO][main.go:85]2020/12/24 22:16:41 [Server exiting]
[INFO][main.go:25]2020/12/24 22:16:44 [load config success]
[INFO][main.go:33]2020/12/24 22:16:45 [init db success]
[INFO][main.go:35]2020/12/24 22:16:45 [process init success]
[ERROR][User.go:28]2020/12/24 22:17:11 [Error 1054: Unknown column 'username UNIQUE' in 'field list']
[ERROR][User.go:28]2020/12/24 22:17:16 [Error 1054: Unknown column 'username UNIQUE' in 'field list']
[INFO][main.go:66]2020/12/24 22:17:34 [Shutdown Server ...]
[INFO][main.go:82]2020/12/24 22:17:39 [timeout of 5 seconds.]
[INFO][main.go:85]2020/12/24 22:17:39 [Server exiting]
[INFO][main.go:25]2020/12/24 22:17:43 [load config success]
[INFO][main.go:33]2020/12/24 22:17:44 [init db success]
[INFO][main.go:35]2020/12/24 22:17:44 [process init success]
[INFO][main.go:66]2020/12/24 22:19:30 [Shutdown Server ...]
[INFO][main.go:82]2020/12/24 22:19:35 [timeout of 5 seconds.]
[INFO][main.go:85]2020/12/24 22:19:35 [Server exiting]
[INFO][main.go:25]2020/12/24 22:19:39 [load config success]
[INFO][main.go:33]2020/12/24 22:19:41 [init db success]
[INFO][main.go:35]2020/12/24 22:19:41 [process init success]
[INFO][main.go:66]2020/12/24 22:20:14 [Shutdown Server ...]
[INFO][main.go:82]2020/12/24 22:20:19 [timeout of 5 seconds.]
[INFO][main.go:85]2020/12/24 22:20:19 [Server exiting]
[INFO][main.go:25]2020/12/24 22:20:23 [load config success]
[INFO][main.go:33]2020/12/24 22:20:24 [init db success]
[INFO][main.go:35]2020/12/24 22:20:24 [process init success]
[ERROR][User.go:28]2020/12/24 22:20:49 [Error 1054: Unknown column 'username, unique_index, not null' in 'field list']
[INFO][main.go:66]2020/12/24 22:22:56 [Shutdown Server ...]
[INFO][main.go:82]2020/12/24 22:23:01 [timeout of 5 seconds.]
[INFO][main.go:85]2020/12/24 22:23:01 [Server exiting]
[INFO][main.go:25]2020/12/24 22:23:05 [load config success]
[INFO][main.go:33]2020/12/24 22:23:06 [init db success]
[INFO][main.go:35]2020/12/24 22:23:06 [process init success]
[ERROR][User.go:28]2020/12/24 22:23:54 [Error 1292: Incorrect datetime value: '0000-00-00' for column 'createtime' at row 1]
[INFO][main.go:66]2020/12/24 22:24:23 [Shutdown Server ...]
[INFO][main.go:82]2020/12/24 22:24:28 [timeout of 5 seconds.]
[INFO][main.go:85]2020/12/24 22:24:28 [Server exiting]
[INFO][main.go:25]2020/12/24 22:24:32 [load config success]
[INFO][main.go:33]2020/12/24 22:24:32 [init db success]
[INFO][main.go:35]2020/12/24 22:24:32 [process init success]
[INFO][main.go:66]2020/12/24 22:26:53 [Shutdown Server ...]
[INFO][main.go:82]2020/12/24 22:26:58 [timeout of 5 seconds.]
[INFO][main.go:85]2020/12/24 22:26:58 [Server exiting]
[INFO][main.go:25]2020/12/24 22:27:02 [load config success]
[INFO][main.go:33]2020/12/24 22:27:02 [init db success]
[INFO][main.go:35]2020/12/24 22:27:02 [process init success]
[INFO][main.go:66]2020/12/24 22:28:56 [Shutdown Server ...]
[INFO][main.go:82]2020/12/24 22:29:01 [timeout of 5 seconds.]
[INFO][main.go:85]2020/12/24 22:29:01 [Server exiting]
[INFO][main.go:25]2020/12/24 22:29:05 [load config success]
[INFO][main.go:33]2020/12/24 22:29:05 [init db success]
[INFO][main.go:35]2020/12/24 22:29:05 [process init success]
[INFO][main.go:66]2020/12/24 22:29:07 [Shutdown Server ...]
[INFO][main.go:82]2020/12/24 22:29:12 [timeout of 5 seconds.]
[INFO][main.go:85]2020/12/24 22:29:12 [Server exiting]
[INFO][main.go:25]2020/12/24 22:29:15 [load config success]
[INFO][main.go:33]2020/12/24 22:29:16 [init db success]
[INFO][main.go:35]2020/12/24 22:29:16 [process init success]
[ERROR][User.go:28]2020/12/24 22:29:33 [Error 1062: Duplicate entry 'xxxx4' for key 'username_idx']
[INFO][main.go:66]2020/12/24 22:30:08 [Shutdown Server ...]
[INFO][main.go:82]2020/12/24 22:30:13 [timeout of 5 seconds.]
[INFO][main.go:85]2020/12/24 22:30:13 [Server exiting]
[INFO][main.go:25]2020/12/24 22:30:16 [load config success]
[INFO][main.go:33]2020/12/24 22:30:17 [init db success]
[INFO][main.go:35]2020/12/24 22:30:17 [process init success]
[INFO][main.go:66]2020/12/24 22:38:43 [Shutdown Server ...]
[INFO][main.go:82]2020/12/24 22:38:48 [timeout of 5 seconds.]
[INFO][main.go:85]2020/12/24 22:38:48 [Server exiting]
[INFO][main.go:25]2020/12/24 22:38:51 [load config success]
[INFO][main.go:33]2020/12/24 22:38:52 [init db success]
[INFO][main.go:35]2020/12/24 22:38:52 [process init success]
[ERROR][User.go:28]2020/12/24 22:38:55 [Error 1292: Incorrect datetime value: '0000-00-00' for column 'createtime' at row 1]
[INFO][main.go:66]2020/12/24 22:53:17 [Shutdown Server ...]
[INFO][main.go:82]2020/12/24 22:53:22 [timeout of 5 seconds.]
[INFO][main.go:85]2020/12/24 22:53:22 [Server exiting]
